{"contracts/CampaignManager.sol":{"l":{"63":11,"64":9,"65":8,"75":8,"76":8,"78":8,"86":13,"87":11,"95":2,"96":1,"104":6,"105":4,"113":11,"114":9,"122":2,"123":2,"131":2,"132":2,"133":2,"142":2,"143":1,"152":6,"153":5,"166":3,"167":1,"169":2,"184":2,"185":2,"186":3,"188":2,"189":1,"198":7,"199":5,"208":3,"209":3,"216":8,"217":7,"224":5,"225":5,"231":9,"232":9,"239":1,"246":1,"271":7,"272":7,"283":7,"284":7,"301":5,"304":5,"308":5,"310":5,"311":4,"332":1,"336":1,"337":1,"357":1,"358":1,"374":2,"375":2,"376":3,"382":2,"383":1,"384":1,"399":1,"416":12,"417":12,"418":12,"419":12,"420":12,"421":12,"422":12,"423":12,"424":12,"425":12},"path":"/home/chris/Projects/EthStarter/contracts/CampaignManager.sol","s":{"1":11,"2":9,"3":8,"4":8,"5":13,"6":2,"7":6,"8":11,"9":2,"10":2,"11":2,"12":2,"13":6,"14":3,"15":1,"16":2,"17":2,"18":3,"19":2,"20":7,"21":3,"22":8,"23":5,"24":9,"25":9,"26":1,"27":1,"28":7,"29":7,"30":7,"31":5,"32":5,"33":4,"34":1,"35":1,"36":2,"37":2,"38":3,"39":2,"40":1,"41":12,"42":12,"43":12,"44":12,"45":12,"46":12,"47":12,"48":12,"49":12,"50":12},"b":{"1":[9,2],"2":[8,1],"3":[8,0],"4":[8,0],"5":[11,2],"6":[1,1],"7":[4,2],"8":[9,2],"9":[2,0],"10":[2,0],"11":[2,0],"12":[1,1],"13":[5,1],"14":[1,2],"15":[0,1],"16":[1,1],"17":[5,2],"18":[3,0],"19":[7,1],"20":[5,0],"21":[4,1],"22":[1,1]},"f":{"1":11,"2":8,"3":13,"4":2,"5":6,"6":11,"7":2,"8":2,"9":2,"10":6,"11":3,"12":2,"13":7,"14":3,"15":8,"16":5,"17":9,"18":1,"19":1,"20":7,"21":5,"22":1,"23":1,"24":2,"25":1,"26":12},"fnMap":{"1":{"name":"validNewCampaignTime","line":62,"loc":{"start":{"line":62,"column":4},"end":{"line":62,"column":67}}},"2":{"name":"validNewCampaignFunding","line":74,"loc":{"start":{"line":74,"column":4},"end":{"line":74,"column":56}}},"3":{"name":"campaignHasStarted","line":85,"loc":{"start":{"line":85,"column":4},"end":{"line":85,"column":47}}},"4":{"name":"campaignNotStarted","line":94,"loc":{"start":{"line":94,"column":4},"end":{"line":94,"column":46}}},"5":{"name":"campaignEnded","line":103,"loc":{"start":{"line":103,"column":4},"end":{"line":103,"column":41}}},"6":{"name":"campaignHasNotEnded","line":112,"loc":{"start":{"line":112,"column":4},"end":{"line":112,"column":48}}},"7":{"name":"campaignSucceeded","line":121,"loc":{"start":{"line":121,"column":4},"end":{"line":121,"column":45}}},"8":{"name":"campaignUnsuccessful","line":130,"loc":{"start":{"line":130,"column":4},"end":{"line":130,"column":49}}},"9":{"name":"campaignNotFunded","line":141,"loc":{"start":{"line":141,"column":4},"end":{"line":141,"column":45}}},"10":{"name":"campaignWillNotExceedCap","line":151,"loc":{"start":{"line":151,"column":4},"end":{"line":151,"column":53}}},"11":{"name":"campaignWillNotDropBelowGoal","line":165,"loc":{"start":{"line":165,"column":4},"end":{"line":165,"column":70}}},"12":{"name":"adequetDonationToReduce","line":183,"loc":{"start":{"line":183,"column":4},"end":{"line":183,"column":64}}},"13":{"name":"onlyManager","line":197,"loc":{"start":{"line":197,"column":4},"end":{"line":197,"column":39}}},"14":{"name":"onlyContributer","line":207,"loc":{"start":{"line":207,"column":4},"end":{"line":207,"column":43}}},"15":{"name":"emergencyStop_Creation","line":215,"loc":{"start":{"line":215,"column":4},"end":{"line":215,"column":34}}},"16":{"name":"emergencyStop_Funding","line":223,"loc":{"start":{"line":223,"column":4},"end":{"line":223,"column":33}}},"17":{"name":null,"line":229,"loc":{"start":{"line":229,"column":4},"end":{"line":230,"column":16}}},"18":{"name":"enableEmergencyStop_Creation","line":235,"loc":{"start":{"line":235,"column":4},"end":{"line":238,"column":5}}},"19":{"name":"enableEmergencyStop_Funding","line":242,"loc":{"start":{"line":242,"column":4},"end":{"line":245,"column":5}}},"20":{"name":"createCampaign","line":258,"loc":{"start":{"line":258,"column":4},"end":{"line":270,"column":5}}},"21":{"name":"fundCampaign","line":293,"loc":{"start":{"line":293,"column":4},"end":{"line":300,"column":5}}},"22":{"name":"reduceDontation","line":325,"loc":{"start":{"line":325,"column":4},"end":{"line":331,"column":5}}},"23":{"name":"withdrawCampaignFunds","line":346,"loc":{"start":{"line":346,"column":4},"end":{"line":352,"column":5}}},"24":{"name":"refundFailedCampaign","line":368,"loc":{"start":{"line":368,"column":4},"end":{"line":373,"column":5}}},"25":{"name":"updateIpfsHash","line":394,"loc":{"start":{"line":394,"column":4},"end":{"line":398,"column":5}}},"26":{"name":"fetchCampaign","line":402,"loc":{"start":{"line":402,"column":4},"end":{"line":415,"column":5}}}},"statementMap":{"1":{"start":{"line":63,"column":8},"end":{"line":63,"column":34}},"2":{"start":{"line":64,"column":8},"end":{"line":64,"column":41}},"3":{"start":{"line":75,"column":8},"end":{"line":75,"column":2630}},"4":{"start":{"line":76,"column":12},"end":{"line":76,"column":30}},"5":{"start":{"line":86,"column":8},"end":{"line":86,"column":55}},"6":{"start":{"line":95,"column":8},"end":{"line":95,"column":57}},"7":{"start":{"line":104,"column":8},"end":{"line":104,"column":53}},"8":{"start":{"line":113,"column":8},"end":{"line":113,"column":53}},"9":{"start":{"line":122,"column":8},"end":{"line":122,"column":74}},"10":{"start":{"line":131,"column":8},"end":{"line":131,"column":55}},"11":{"start":{"line":132,"column":8},"end":{"line":132,"column":76}},"12":{"start":{"line":142,"column":8},"end":{"line":142,"column":60}},"13":{"start":{"line":152,"column":8},"end":{"line":152,"column":86}},"14":{"start":{"line":166,"column":8},"end":{"line":166,"column":5752}},"15":{"start":{"line":167,"column":12},"end":{"line":167,"column":87}},"16":{"start":{"line":184,"column":8},"end":{"line":184,"column":28}},"17":{"start":{"line":185,"column":8},"end":{"line":185,"column":6659}},"18":{"start":{"line":186,"column":12},"end":{"line":186,"column":72}},"19":{"start":{"line":188,"column":8},"end":{"line":188,"column":44}},"20":{"start":{"line":198,"column":8},"end":{"line":198,"column":60}},"21":{"start":{"line":208,"column":8},"end":{"line":208,"column":68}},"22":{"start":{"line":216,"column":8},"end":{"line":216,"column":51}},"23":{"start":{"line":224,"column":8},"end":{"line":224,"column":50}},"24":{"start":{"line":231,"column":8},"end":{"line":231,"column":25}},"25":{"start":{"line":232,"column":8},"end":{"line":232,"column":24}},"26":{"start":{"line":239,"column":8},"end":{"line":239,"column":40}},"27":{"start":{"line":246,"column":8},"end":{"line":246,"column":39}},"28":{"start":{"line":272,"column":8},"end":{"line":272,"column":9278}},"29":{"start":{"line":283,"column":8},"end":{"line":283,"column":25}},"30":{"start":{"line":284,"column":8},"end":{"line":284,"column":28}},"31":{"start":{"line":301,"column":8},"end":{"line":301,"column":50}},"32":{"start":{"line":310,"column":8},"end":{"line":310,"column":10808}},"33":{"start":{"line":311,"column":12},"end":{"line":311,"column":55}},"34":{"start":{"line":332,"column":8},"end":{"line":332,"column":47}},"35":{"start":{"line":357,"column":8},"end":{"line":357,"column":50}},"36":{"start":{"line":374,"column":8},"end":{"line":374,"column":32}},"37":{"start":{"line":375,"column":8},"end":{"line":375,"column":13625}},"38":{"start":{"line":376,"column":12},"end":{"line":376,"column":81}},"39":{"start":{"line":382,"column":8},"end":{"line":382,"column":34}},"40":{"start":{"line":399,"column":8},"end":{"line":399,"column":49}},"41":{"start":{"line":416,"column":8},"end":{"line":416,"column":47}},"42":{"start":{"line":417,"column":8},"end":{"line":417,"column":57}},"43":{"start":{"line":418,"column":8},"end":{"line":418,"column":53}},"44":{"start":{"line":419,"column":8},"end":{"line":419,"column":47}},"45":{"start":{"line":420,"column":8},"end":{"line":420,"column":41}},"46":{"start":{"line":421,"column":8},"end":{"line":421,"column":39}},"47":{"start":{"line":422,"column":8},"end":{"line":422,"column":43}},"48":{"start":{"line":423,"column":8},"end":{"line":423,"column":63}},"49":{"start":{"line":424,"column":8},"end":{"line":424,"column":49}},"50":{"start":{"line":425,"column":8},"end":{"line":425,"column":104}}},"branchMap":{"1":{"line":63,"type":"if","locations":[{"start":{"line":63,"column":8},"end":{"line":63,"column":8}},{"start":{"line":63,"column":8},"end":{"line":63,"column":8}}]},"2":{"line":64,"type":"if","locations":[{"start":{"line":64,"column":8},"end":{"line":64,"column":8}},{"start":{"line":64,"column":8},"end":{"line":64,"column":8}}]},"3":{"line":75,"type":"if","locations":[{"start":{"line":75,"column":8},"end":{"line":75,"column":8}},{"start":{"line":75,"column":8},"end":{"line":75,"column":8}}]},"4":{"line":76,"type":"if","locations":[{"start":{"line":76,"column":12},"end":{"line":76,"column":12}},{"start":{"line":76,"column":12},"end":{"line":76,"column":12}}]},"5":{"line":86,"type":"if","locations":[{"start":{"line":86,"column":8},"end":{"line":86,"column":8}},{"start":{"line":86,"column":8},"end":{"line":86,"column":8}}]},"6":{"line":95,"type":"if","locations":[{"start":{"line":95,"column":8},"end":{"line":95,"column":8}},{"start":{"line":95,"column":8},"end":{"line":95,"column":8}}]},"7":{"line":104,"type":"if","locations":[{"start":{"line":104,"column":8},"end":{"line":104,"column":8}},{"start":{"line":104,"column":8},"end":{"line":104,"column":8}}]},"8":{"line":113,"type":"if","locations":[{"start":{"line":113,"column":8},"end":{"line":113,"column":8}},{"start":{"line":113,"column":8},"end":{"line":113,"column":8}}]},"9":{"line":122,"type":"if","locations":[{"start":{"line":122,"column":8},"end":{"line":122,"column":8}},{"start":{"line":122,"column":8},"end":{"line":122,"column":8}}]},"10":{"line":131,"type":"if","locations":[{"start":{"line":131,"column":8},"end":{"line":131,"column":8}},{"start":{"line":131,"column":8},"end":{"line":131,"column":8}}]},"11":{"line":132,"type":"if","locations":[{"start":{"line":132,"column":8},"end":{"line":132,"column":8}},{"start":{"line":132,"column":8},"end":{"line":132,"column":8}}]},"12":{"line":142,"type":"if","locations":[{"start":{"line":142,"column":8},"end":{"line":142,"column":8}},{"start":{"line":142,"column":8},"end":{"line":142,"column":8}}]},"13":{"line":152,"type":"if","locations":[{"start":{"line":152,"column":8},"end":{"line":152,"column":8}},{"start":{"line":152,"column":8},"end":{"line":152,"column":8}}]},"14":{"line":166,"type":"if","locations":[{"start":{"line":166,"column":8},"end":{"line":166,"column":8}},{"start":{"line":166,"column":8},"end":{"line":166,"column":8}}]},"15":{"line":167,"type":"if","locations":[{"start":{"line":167,"column":12},"end":{"line":167,"column":12}},{"start":{"line":167,"column":12},"end":{"line":167,"column":12}}]},"16":{"line":188,"type":"if","locations":[{"start":{"line":188,"column":8},"end":{"line":188,"column":8}},{"start":{"line":188,"column":8},"end":{"line":188,"column":8}}]},"17":{"line":198,"type":"if","locations":[{"start":{"line":198,"column":8},"end":{"line":198,"column":8}},{"start":{"line":198,"column":8},"end":{"line":198,"column":8}}]},"18":{"line":208,"type":"if","locations":[{"start":{"line":208,"column":8},"end":{"line":208,"column":8}},{"start":{"line":208,"column":8},"end":{"line":208,"column":8}}]},"19":{"line":216,"type":"if","locations":[{"start":{"line":216,"column":8},"end":{"line":216,"column":8}},{"start":{"line":216,"column":8},"end":{"line":216,"column":8}}]},"20":{"line":224,"type":"if","locations":[{"start":{"line":224,"column":8},"end":{"line":224,"column":8}},{"start":{"line":224,"column":8},"end":{"line":224,"column":8}}]},"21":{"line":310,"type":"if","locations":[{"start":{"line":310,"column":8},"end":{"line":310,"column":8}},{"start":{"line":310,"column":8},"end":{"line":310,"column":8}}]},"22":{"line":382,"type":"if","locations":[{"start":{"line":382,"column":8},"end":{"line":382,"column":8}},{"start":{"line":382,"column":8},"end":{"line":382,"column":8}}]}}}}