{"contracts/CampaignManager.sol":{"l":{"64":12,"65":10,"66":9,"76":9,"77":9,"79":9,"87":13,"88":11,"96":2,"97":1,"105":6,"106":4,"114":11,"115":9,"123":2,"124":2,"132":2,"133":2,"134":2,"143":2,"144":1,"153":6,"154":5,"167":3,"168":1,"170":2,"185":2,"186":2,"187":3,"189":2,"190":1,"199":7,"200":5,"209":3,"210":3,"217":9,"218":8,"225":5,"226":5,"232":10,"233":10,"240":1,"247":1,"272":8,"273":8,"284":8,"285":8,"302":5,"305":5,"309":5,"311":5,"312":4,"333":1,"337":1,"338":1,"358":1,"359":1,"375":2,"376":2,"377":3,"383":2,"384":1,"385":1,"400":1,"417":12,"418":12,"419":12,"420":12,"421":12,"422":12,"423":12,"424":12,"425":12,"426":12},"path":"/home/chris/Projects/EthStarter/contracts/CampaignManager.sol","s":{"1":12,"2":10,"3":9,"4":9,"5":13,"6":2,"7":6,"8":11,"9":2,"10":2,"11":2,"12":2,"13":6,"14":3,"15":1,"16":2,"17":2,"18":3,"19":2,"20":7,"21":3,"22":9,"23":5,"24":10,"25":10,"26":1,"27":1,"28":8,"29":8,"30":8,"31":5,"32":5,"33":4,"34":1,"35":1,"36":2,"37":2,"38":3,"39":2,"40":1,"41":12,"42":12,"43":12,"44":12,"45":12,"46":12,"47":12,"48":12,"49":12,"50":12},"b":{"1":[10,2],"2":[9,1],"3":[9,0],"4":[9,0],"5":[11,2],"6":[1,1],"7":[4,2],"8":[9,2],"9":[2,0],"10":[2,0],"11":[2,0],"12":[1,1],"13":[5,1],"14":[1,2],"15":[0,1],"16":[1,1],"17":[5,2],"18":[3,0],"19":[8,1],"20":[5,0],"21":[4,1],"22":[1,1]},"f":{"1":12,"2":9,"3":13,"4":2,"5":6,"6":11,"7":2,"8":2,"9":2,"10":6,"11":3,"12":2,"13":7,"14":3,"15":9,"16":5,"17":10,"18":1,"19":1,"20":8,"21":5,"22":1,"23":1,"24":2,"25":1,"26":12},"fnMap":{"1":{"name":"validNewCampaignTime","line":63,"loc":{"start":{"line":63,"column":4},"end":{"line":63,"column":67}}},"2":{"name":"validNewCampaignFunding","line":75,"loc":{"start":{"line":75,"column":4},"end":{"line":75,"column":56}}},"3":{"name":"campaignHasStarted","line":86,"loc":{"start":{"line":86,"column":4},"end":{"line":86,"column":47}}},"4":{"name":"campaignNotStarted","line":95,"loc":{"start":{"line":95,"column":4},"end":{"line":95,"column":46}}},"5":{"name":"campaignEnded","line":104,"loc":{"start":{"line":104,"column":4},"end":{"line":104,"column":41}}},"6":{"name":"campaignHasNotEnded","line":113,"loc":{"start":{"line":113,"column":4},"end":{"line":113,"column":48}}},"7":{"name":"campaignSucceeded","line":122,"loc":{"start":{"line":122,"column":4},"end":{"line":122,"column":45}}},"8":{"name":"campaignUnsuccessful","line":131,"loc":{"start":{"line":131,"column":4},"end":{"line":131,"column":49}}},"9":{"name":"campaignNotFunded","line":142,"loc":{"start":{"line":142,"column":4},"end":{"line":142,"column":45}}},"10":{"name":"campaignWillNotExceedCap","line":152,"loc":{"start":{"line":152,"column":4},"end":{"line":152,"column":53}}},"11":{"name":"campaignWillNotDropBelowGoal","line":166,"loc":{"start":{"line":166,"column":4},"end":{"line":166,"column":70}}},"12":{"name":"adequetDonationToReduce","line":184,"loc":{"start":{"line":184,"column":4},"end":{"line":184,"column":64}}},"13":{"name":"onlyManager","line":198,"loc":{"start":{"line":198,"column":4},"end":{"line":198,"column":39}}},"14":{"name":"onlyContributer","line":208,"loc":{"start":{"line":208,"column":4},"end":{"line":208,"column":43}}},"15":{"name":"emergencyStop_Creation","line":216,"loc":{"start":{"line":216,"column":4},"end":{"line":216,"column":34}}},"16":{"name":"emergencyStop_Funding","line":224,"loc":{"start":{"line":224,"column":4},"end":{"line":224,"column":33}}},"17":{"name":null,"line":230,"loc":{"start":{"line":230,"column":4},"end":{"line":231,"column":16}}},"18":{"name":"enableEmergencyStop_Creation","line":236,"loc":{"start":{"line":236,"column":4},"end":{"line":239,"column":5}}},"19":{"name":"enableEmergencyStop_Funding","line":243,"loc":{"start":{"line":243,"column":4},"end":{"line":246,"column":5}}},"20":{"name":"createCampaign","line":259,"loc":{"start":{"line":259,"column":4},"end":{"line":271,"column":5}}},"21":{"name":"fundCampaign","line":294,"loc":{"start":{"line":294,"column":4},"end":{"line":301,"column":5}}},"22":{"name":"reduceDontation","line":326,"loc":{"start":{"line":326,"column":4},"end":{"line":332,"column":5}}},"23":{"name":"withdrawCampaignFunds","line":347,"loc":{"start":{"line":347,"column":4},"end":{"line":353,"column":5}}},"24":{"name":"refundFailedCampaign","line":369,"loc":{"start":{"line":369,"column":4},"end":{"line":374,"column":5}}},"25":{"name":"updateIpfsHash","line":395,"loc":{"start":{"line":395,"column":4},"end":{"line":399,"column":5}}},"26":{"name":"fetchCampaign","line":403,"loc":{"start":{"line":403,"column":4},"end":{"line":416,"column":5}}}},"statementMap":{"1":{"start":{"line":64,"column":8},"end":{"line":64,"column":34}},"2":{"start":{"line":65,"column":8},"end":{"line":65,"column":41}},"3":{"start":{"line":76,"column":8},"end":{"line":76,"column":2659}},"4":{"start":{"line":77,"column":12},"end":{"line":77,"column":30}},"5":{"start":{"line":87,"column":8},"end":{"line":87,"column":55}},"6":{"start":{"line":96,"column":8},"end":{"line":96,"column":57}},"7":{"start":{"line":105,"column":8},"end":{"line":105,"column":53}},"8":{"start":{"line":114,"column":8},"end":{"line":114,"column":53}},"9":{"start":{"line":123,"column":8},"end":{"line":123,"column":74}},"10":{"start":{"line":132,"column":8},"end":{"line":132,"column":55}},"11":{"start":{"line":133,"column":8},"end":{"line":133,"column":76}},"12":{"start":{"line":143,"column":8},"end":{"line":143,"column":60}},"13":{"start":{"line":153,"column":8},"end":{"line":153,"column":86}},"14":{"start":{"line":167,"column":8},"end":{"line":167,"column":5781}},"15":{"start":{"line":168,"column":12},"end":{"line":168,"column":87}},"16":{"start":{"line":185,"column":8},"end":{"line":185,"column":28}},"17":{"start":{"line":186,"column":8},"end":{"line":186,"column":6688}},"18":{"start":{"line":187,"column":12},"end":{"line":187,"column":72}},"19":{"start":{"line":189,"column":8},"end":{"line":189,"column":44}},"20":{"start":{"line":199,"column":8},"end":{"line":199,"column":60}},"21":{"start":{"line":209,"column":8},"end":{"line":209,"column":68}},"22":{"start":{"line":217,"column":8},"end":{"line":217,"column":51}},"23":{"start":{"line":225,"column":8},"end":{"line":225,"column":50}},"24":{"start":{"line":232,"column":8},"end":{"line":232,"column":25}},"25":{"start":{"line":233,"column":8},"end":{"line":233,"column":24}},"26":{"start":{"line":240,"column":8},"end":{"line":240,"column":40}},"27":{"start":{"line":247,"column":8},"end":{"line":247,"column":39}},"28":{"start":{"line":273,"column":8},"end":{"line":273,"column":9307}},"29":{"start":{"line":284,"column":8},"end":{"line":284,"column":25}},"30":{"start":{"line":285,"column":8},"end":{"line":285,"column":28}},"31":{"start":{"line":302,"column":8},"end":{"line":302,"column":50}},"32":{"start":{"line":311,"column":8},"end":{"line":311,"column":10837}},"33":{"start":{"line":312,"column":12},"end":{"line":312,"column":55}},"34":{"start":{"line":333,"column":8},"end":{"line":333,"column":47}},"35":{"start":{"line":358,"column":8},"end":{"line":358,"column":50}},"36":{"start":{"line":375,"column":8},"end":{"line":375,"column":32}},"37":{"start":{"line":376,"column":8},"end":{"line":376,"column":13654}},"38":{"start":{"line":377,"column":12},"end":{"line":377,"column":81}},"39":{"start":{"line":383,"column":8},"end":{"line":383,"column":34}},"40":{"start":{"line":400,"column":8},"end":{"line":400,"column":49}},"41":{"start":{"line":417,"column":8},"end":{"line":417,"column":47}},"42":{"start":{"line":418,"column":8},"end":{"line":418,"column":57}},"43":{"start":{"line":419,"column":8},"end":{"line":419,"column":53}},"44":{"start":{"line":420,"column":8},"end":{"line":420,"column":47}},"45":{"start":{"line":421,"column":8},"end":{"line":421,"column":41}},"46":{"start":{"line":422,"column":8},"end":{"line":422,"column":39}},"47":{"start":{"line":423,"column":8},"end":{"line":423,"column":43}},"48":{"start":{"line":424,"column":8},"end":{"line":424,"column":63}},"49":{"start":{"line":425,"column":8},"end":{"line":425,"column":49}},"50":{"start":{"line":426,"column":8},"end":{"line":426,"column":104}}},"branchMap":{"1":{"line":64,"type":"if","locations":[{"start":{"line":64,"column":8},"end":{"line":64,"column":8}},{"start":{"line":64,"column":8},"end":{"line":64,"column":8}}]},"2":{"line":65,"type":"if","locations":[{"start":{"line":65,"column":8},"end":{"line":65,"column":8}},{"start":{"line":65,"column":8},"end":{"line":65,"column":8}}]},"3":{"line":76,"type":"if","locations":[{"start":{"line":76,"column":8},"end":{"line":76,"column":8}},{"start":{"line":76,"column":8},"end":{"line":76,"column":8}}]},"4":{"line":77,"type":"if","locations":[{"start":{"line":77,"column":12},"end":{"line":77,"column":12}},{"start":{"line":77,"column":12},"end":{"line":77,"column":12}}]},"5":{"line":87,"type":"if","locations":[{"start":{"line":87,"column":8},"end":{"line":87,"column":8}},{"start":{"line":87,"column":8},"end":{"line":87,"column":8}}]},"6":{"line":96,"type":"if","locations":[{"start":{"line":96,"column":8},"end":{"line":96,"column":8}},{"start":{"line":96,"column":8},"end":{"line":96,"column":8}}]},"7":{"line":105,"type":"if","locations":[{"start":{"line":105,"column":8},"end":{"line":105,"column":8}},{"start":{"line":105,"column":8},"end":{"line":105,"column":8}}]},"8":{"line":114,"type":"if","locations":[{"start":{"line":114,"column":8},"end":{"line":114,"column":8}},{"start":{"line":114,"column":8},"end":{"line":114,"column":8}}]},"9":{"line":123,"type":"if","locations":[{"start":{"line":123,"column":8},"end":{"line":123,"column":8}},{"start":{"line":123,"column":8},"end":{"line":123,"column":8}}]},"10":{"line":132,"type":"if","locations":[{"start":{"line":132,"column":8},"end":{"line":132,"column":8}},{"start":{"line":132,"column":8},"end":{"line":132,"column":8}}]},"11":{"line":133,"type":"if","locations":[{"start":{"line":133,"column":8},"end":{"line":133,"column":8}},{"start":{"line":133,"column":8},"end":{"line":133,"column":8}}]},"12":{"line":143,"type":"if","locations":[{"start":{"line":143,"column":8},"end":{"line":143,"column":8}},{"start":{"line":143,"column":8},"end":{"line":143,"column":8}}]},"13":{"line":153,"type":"if","locations":[{"start":{"line":153,"column":8},"end":{"line":153,"column":8}},{"start":{"line":153,"column":8},"end":{"line":153,"column":8}}]},"14":{"line":167,"type":"if","locations":[{"start":{"line":167,"column":8},"end":{"line":167,"column":8}},{"start":{"line":167,"column":8},"end":{"line":167,"column":8}}]},"15":{"line":168,"type":"if","locations":[{"start":{"line":168,"column":12},"end":{"line":168,"column":12}},{"start":{"line":168,"column":12},"end":{"line":168,"column":12}}]},"16":{"line":189,"type":"if","locations":[{"start":{"line":189,"column":8},"end":{"line":189,"column":8}},{"start":{"line":189,"column":8},"end":{"line":189,"column":8}}]},"17":{"line":199,"type":"if","locations":[{"start":{"line":199,"column":8},"end":{"line":199,"column":8}},{"start":{"line":199,"column":8},"end":{"line":199,"column":8}}]},"18":{"line":209,"type":"if","locations":[{"start":{"line":209,"column":8},"end":{"line":209,"column":8}},{"start":{"line":209,"column":8},"end":{"line":209,"column":8}}]},"19":{"line":217,"type":"if","locations":[{"start":{"line":217,"column":8},"end":{"line":217,"column":8}},{"start":{"line":217,"column":8},"end":{"line":217,"column":8}}]},"20":{"line":225,"type":"if","locations":[{"start":{"line":225,"column":8},"end":{"line":225,"column":8}},{"start":{"line":225,"column":8},"end":{"line":225,"column":8}}]},"21":{"line":311,"type":"if","locations":[{"start":{"line":311,"column":8},"end":{"line":311,"column":8}},{"start":{"line":311,"column":8},"end":{"line":311,"column":8}}]},"22":{"line":383,"type":"if","locations":[{"start":{"line":383,"column":8},"end":{"line":383,"column":8}},{"start":{"line":383,"column":8},"end":{"line":383,"column":8}}]}}},"contracts/Proxy.sol":{"l":{"12":3,"16":3,"17":3,"18":3,"22":2,"23":2,"24":2,"26":2},"path":"/home/chris/Projects/EthStarter/contracts/Proxy.sol","s":{"1":3,"2":3,"3":3,"4":3,"5":2,"6":2,"7":2},"b":{"1":[3,0],"2":[2,0]},"f":{"1":3,"2":3,"3":2},"fnMap":{"1":{"name":"implementation","line":11,"loc":{"start":{"line":11,"column":4},"end":{"line":11,"column":57}}},"2":{"name":"upgradeTo","line":15,"loc":{"start":{"line":15,"column":4},"end":{"line":15,"column":51}}},"3":{"name":null,"line":21,"loc":{"start":{"line":21,"column":4},"end":{"line":21,"column":28}}}},"statementMap":{"1":{"start":{"line":12,"column":8},"end":{"line":12,"column":30}},"2":{"start":{"line":16,"column":8},"end":{"line":16,"column":39}},"3":{"start":{"line":17,"column":8},"end":{"line":17,"column":29}},"4":{"start":{"line":18,"column":8},"end":{"line":18,"column":27}},"5":{"start":{"line":22,"column":8},"end":{"line":22,"column":39}},"6":{"start":{"line":23,"column":8},"end":{"line":23,"column":35}},"7":{"start":{"line":24,"column":8},"end":{"line":24,"column":35}}},"branchMap":{"1":{"line":16,"type":"if","locations":[{"start":{"line":16,"column":8},"end":{"line":16,"column":8}},{"start":{"line":16,"column":8},"end":{"line":16,"column":8}}]},"2":{"line":23,"type":"if","locations":[{"start":{"line":23,"column":8},"end":{"line":23,"column":8}},{"start":{"line":23,"column":8},"end":{"line":23,"column":8}}]}}}}