TN:
SF:/home/chris/Projects/EthStarter/contracts/CampaignManager.sol
FN:63,validNewCampaignTime
FN:75,validNewCampaignFunding
FN:86,campaignHasStarted
FN:95,campaignNotStarted
FN:104,campaignEnded
FN:113,campaignHasNotEnded
FN:122,campaignSucceeded
FN:131,campaignUnsuccessful
FN:142,campaignNotFunded
FN:152,campaignWillNotExceedCap
FN:166,campaignWillNotDropBelowGoal
FN:184,adequetDonationToReduce
FN:198,onlyManager
FN:208,onlyContributer
FN:216,emergencyStop_Creation
FN:224,emergencyStop_Funding
FN:230,
FN:236,enableEmergencyStop_Creation
FN:243,enableEmergencyStop_Funding
FN:259,createCampaign
FN:294,fundCampaign
FN:326,reduceDontation
FN:347,withdrawCampaignFunds
FN:369,refundFailedCampaign
FN:395,updateIpfsHash
FN:403,fetchCampaign
FNF:26
FNH:26
FNDA:12,validNewCampaignTime
FNDA:9,validNewCampaignFunding
FNDA:13,campaignHasStarted
FNDA:2,campaignNotStarted
FNDA:6,campaignEnded
FNDA:11,campaignHasNotEnded
FNDA:2,campaignSucceeded
FNDA:2,campaignUnsuccessful
FNDA:2,campaignNotFunded
FNDA:6,campaignWillNotExceedCap
FNDA:3,campaignWillNotDropBelowGoal
FNDA:2,adequetDonationToReduce
FNDA:7,onlyManager
FNDA:3,onlyContributer
FNDA:9,emergencyStop_Creation
FNDA:5,emergencyStop_Funding
FNDA:10,
FNDA:1,enableEmergencyStop_Creation
FNDA:1,enableEmergencyStop_Funding
FNDA:8,createCampaign
FNDA:5,fundCampaign
FNDA:1,reduceDontation
FNDA:1,withdrawCampaignFunds
FNDA:2,refundFailedCampaign
FNDA:1,updateIpfsHash
FNDA:12,fetchCampaign
DA:64,12
DA:65,10
DA:66,9
DA:76,9
DA:77,9
DA:79,9
DA:87,13
DA:88,11
DA:96,2
DA:97,1
DA:105,6
DA:106,4
DA:114,11
DA:115,9
DA:123,2
DA:124,2
DA:132,2
DA:133,2
DA:134,2
DA:143,2
DA:144,1
DA:153,6
DA:154,5
DA:167,3
DA:168,1
DA:170,2
DA:185,2
DA:186,2
DA:187,3
DA:189,2
DA:190,1
DA:199,7
DA:200,5
DA:209,3
DA:210,3
DA:217,9
DA:218,8
DA:225,5
DA:226,5
DA:232,10
DA:233,10
DA:240,1
DA:247,1
DA:272,8
DA:273,8
DA:284,8
DA:285,8
DA:302,5
DA:305,5
DA:309,5
DA:311,5
DA:312,4
DA:333,1
DA:337,1
DA:338,1
DA:358,1
DA:359,1
DA:375,2
DA:376,2
DA:377,3
DA:383,2
DA:384,1
DA:385,1
DA:400,1
DA:417,12
DA:418,12
DA:419,12
DA:420,12
DA:421,12
DA:422,12
DA:423,12
DA:424,12
DA:425,12
DA:426,12
LF:74
LH:74
BRDA:64,1,0,10
BRDA:64,1,1,2
BRDA:65,2,0,9
BRDA:65,2,1,1
BRDA:76,3,0,9
BRDA:76,3,1,0
BRDA:77,4,0,9
BRDA:77,4,1,0
BRDA:87,5,0,11
BRDA:87,5,1,2
BRDA:96,6,0,1
BRDA:96,6,1,1
BRDA:105,7,0,4
BRDA:105,7,1,2
BRDA:114,8,0,9
BRDA:114,8,1,2
BRDA:123,9,0,2
BRDA:123,9,1,0
BRDA:132,10,0,2
BRDA:132,10,1,0
BRDA:133,11,0,2
BRDA:133,11,1,0
BRDA:143,12,0,1
BRDA:143,12,1,1
BRDA:153,13,0,5
BRDA:153,13,1,1
BRDA:167,14,0,1
BRDA:167,14,1,2
BRDA:168,15,0,0
BRDA:168,15,1,1
BRDA:189,16,0,1
BRDA:189,16,1,1
BRDA:199,17,0,5
BRDA:199,17,1,2
BRDA:209,18,0,3
BRDA:209,18,1,0
BRDA:217,19,0,8
BRDA:217,19,1,1
BRDA:225,20,0,5
BRDA:225,20,1,0
BRDA:311,21,0,4
BRDA:311,21,1,1
BRDA:383,22,0,1
BRDA:383,22,1,1
BRF:44
BRH:36
end_of_record
TN:
SF:/home/chris/Projects/EthStarter/contracts/Proxy.sol
FN:11,implementation
FN:15,upgradeTo
FN:21,
FNF:3
FNH:3
FNDA:3,implementation
FNDA:3,upgradeTo
FNDA:2,
DA:12,3
DA:16,3
DA:17,3
DA:18,3
DA:22,2
DA:23,2
DA:24,2
DA:26,2
LF:8
LH:8
BRDA:16,1,0,3
BRDA:16,1,1,0
BRDA:23,2,0,2
BRDA:23,2,1,0
BRF:4
BRH:2
end_of_record
