TN:
SF:/home/chris/Projects/EthStarter/contracts/CampaignManager.sol
FN:62,validNewCampaignTime
FN:74,validNewCampaignFunding
FN:85,campaignHasStarted
FN:94,campaignNotStarted
FN:103,campaignEnded
FN:112,campaignHasNotEnded
FN:121,campaignSucceeded
FN:130,campaignUnsuccessful
FN:141,campaignNotFunded
FN:151,campaignWillNotExceedCap
FN:165,campaignWillNotDropBelowGoal
FN:183,adequetDonationToReduce
FN:197,onlyManager
FN:207,onlyContributer
FN:215,emergencyStop_Creation
FN:223,emergencyStop_Funding
FN:229,
FN:235,enableEmergencyStop_Creation
FN:242,enableEmergencyStop_Funding
FN:258,createCampaign
FN:293,fundCampaign
FN:325,reduceDontation
FN:346,withdrawCampaignFunds
FN:368,refundFailedCampaign
FN:394,updateIpfsHash
FN:402,fetchCampaign
FNF:26
FNH:26
FNDA:11,validNewCampaignTime
FNDA:8,validNewCampaignFunding
FNDA:13,campaignHasStarted
FNDA:2,campaignNotStarted
FNDA:6,campaignEnded
FNDA:11,campaignHasNotEnded
FNDA:2,campaignSucceeded
FNDA:2,campaignUnsuccessful
FNDA:2,campaignNotFunded
FNDA:6,campaignWillNotExceedCap
FNDA:3,campaignWillNotDropBelowGoal
FNDA:2,adequetDonationToReduce
FNDA:7,onlyManager
FNDA:3,onlyContributer
FNDA:8,emergencyStop_Creation
FNDA:5,emergencyStop_Funding
FNDA:9,
FNDA:1,enableEmergencyStop_Creation
FNDA:1,enableEmergencyStop_Funding
FNDA:7,createCampaign
FNDA:5,fundCampaign
FNDA:1,reduceDontation
FNDA:1,withdrawCampaignFunds
FNDA:2,refundFailedCampaign
FNDA:1,updateIpfsHash
FNDA:12,fetchCampaign
DA:63,11
DA:64,9
DA:65,8
DA:75,8
DA:76,8
DA:78,8
DA:86,13
DA:87,11
DA:95,2
DA:96,1
DA:104,6
DA:105,4
DA:113,11
DA:114,9
DA:122,2
DA:123,2
DA:131,2
DA:132,2
DA:133,2
DA:142,2
DA:143,1
DA:152,6
DA:153,5
DA:166,3
DA:167,1
DA:169,2
DA:184,2
DA:185,2
DA:186,3
DA:188,2
DA:189,1
DA:198,7
DA:199,5
DA:208,3
DA:209,3
DA:216,8
DA:217,7
DA:224,5
DA:225,5
DA:231,9
DA:232,9
DA:239,1
DA:246,1
DA:271,7
DA:272,7
DA:283,7
DA:284,7
DA:301,5
DA:304,5
DA:308,5
DA:310,5
DA:311,4
DA:332,1
DA:336,1
DA:337,1
DA:357,1
DA:358,1
DA:374,2
DA:375,2
DA:376,3
DA:382,2
DA:383,1
DA:384,1
DA:399,1
DA:416,12
DA:417,12
DA:418,12
DA:419,12
DA:420,12
DA:421,12
DA:422,12
DA:423,12
DA:424,12
DA:425,12
LF:74
LH:74
BRDA:63,1,0,9
BRDA:63,1,1,2
BRDA:64,2,0,8
BRDA:64,2,1,1
BRDA:75,3,0,8
BRDA:75,3,1,0
BRDA:76,4,0,8
BRDA:76,4,1,0
BRDA:86,5,0,11
BRDA:86,5,1,2
BRDA:95,6,0,1
BRDA:95,6,1,1
BRDA:104,7,0,4
BRDA:104,7,1,2
BRDA:113,8,0,9
BRDA:113,8,1,2
BRDA:122,9,0,2
BRDA:122,9,1,0
BRDA:131,10,0,2
BRDA:131,10,1,0
BRDA:132,11,0,2
BRDA:132,11,1,0
BRDA:142,12,0,1
BRDA:142,12,1,1
BRDA:152,13,0,5
BRDA:152,13,1,1
BRDA:166,14,0,1
BRDA:166,14,1,2
BRDA:167,15,0,0
BRDA:167,15,1,1
BRDA:188,16,0,1
BRDA:188,16,1,1
BRDA:198,17,0,5
BRDA:198,17,1,2
BRDA:208,18,0,3
BRDA:208,18,1,0
BRDA:216,19,0,7
BRDA:216,19,1,1
BRDA:224,20,0,5
BRDA:224,20,1,0
BRDA:310,21,0,4
BRDA:310,21,1,1
BRDA:382,22,0,1
BRDA:382,22,1,1
BRF:44
BRH:36
end_of_record
